[debug] [2021-01-25T07:18:09.573Z] ----------------------------------------------------------------------
[debug] [2021-01-25T07:18:09.582Z] Command:       C:\Program Files\nodejs\node.exe C:\Users\acer\AppData\Roaming\npm\node_modules\firebase-tools\lib\bin\firebase.js emulators:start
[debug] [2021-01-25T07:18:09.583Z] CLI Version:   9.2.2
[debug] [2021-01-25T07:18:09.583Z] Platform:      win32
[debug] [2021-01-25T07:18:09.584Z] Node Version:  v12.19.0
[debug] [2021-01-25T07:18:09.588Z] Time:          Mon Jan 25 2021 10:18:09 GMT+0300 (East Africa Time)
[debug] [2021-01-25T07:18:09.588Z] ----------------------------------------------------------------------
[debug] [2021-01-25T07:18:09.589Z] 
[debug] [2021-01-25T07:18:09.641Z] > command requires scopes: ["email","openid","https://www.googleapis.com/auth/cloudplatformprojects.readonly","https://www.googleapis.com/auth/firebase","https://www.googleapis.com/auth/cloud-platform"]
[debug] [2021-01-25T07:18:09.642Z] > authorizing via signed-in user
[info] i  emulators: Starting emulators: functions, hosting {"metadata":{"emulator":{"name":"hub"},"message":"Starting emulators: functions, hosting"}}
[debug] [2021-01-25T07:18:09.755Z] [hub] writing locator at C:\Users\acer\AppData\Local\Temp\hub-mereb-643b5.json
[warn] !  functions: The following emulators are not running, calls to these services from the Functions emulator will affect production: auth, firestore, database, pubsub {"metadata":{"emulator":{"name":"functions"},"message":"The following emulators are not running, calls to these services from the Functions emulator will affect production: \u001b[1mauth, firestore, database, pubsub\u001b[22m"}}
[info] +  functions: Using node@12 from host. {"metadata":{"emulator":{"name":"functions"},"message":"Using node@12 from host."}}
[debug] [2021-01-25T07:18:09.847Z] defaultcredentials: writing to file C:\Users\acer\AppData\Roaming\firebase\tomamdu_gmail_com_application_default_credentials.json
[debug] [2021-01-25T07:18:09.853Z] Setting GAC to C:\Users\acer\AppData\Roaming\firebase\tomamdu_gmail_com_application_default_credentials.json {"metadata":{"emulator":{"name":"functions"},"message":"Setting GAC to C:\\Users\\acer\\AppData\\Roaming\\firebase\\tomamdu_gmail_com_application_default_credentials.json"}}
[debug] [2021-01-25T07:18:09.860Z] >>> [apiv2][query] GET https://firebase.googleapis.com/v1beta1/projects/mereb-643b5/adminSdkConfig [none]
[debug] [2021-01-25T07:18:10.818Z] <<< [apiv2][status] GET https://firebase.googleapis.com/v1beta1/projects/mereb-643b5/adminSdkConfig 200
[debug] [2021-01-25T07:18:10.819Z] <<< [apiv2][body] GET https://firebase.googleapis.com/v1beta1/projects/mereb-643b5/adminSdkConfig {"projectId":"mereb-643b5","storageBucket":"mereb-643b5.appspot.com"}
[debug] [2021-01-25T07:18:10.975Z] >>> [apiv2][query] GET https://firebase.googleapis.com/v1beta1/projects/mereb-643b5/webApps/-/config [none]
[debug] [2021-01-25T07:18:12.312Z] <<< [apiv2][status] GET https://firebase.googleapis.com/v1beta1/projects/mereb-643b5/webApps/-/config 200
[debug] [2021-01-25T07:18:12.313Z] <<< [apiv2][body] GET https://firebase.googleapis.com/v1beta1/projects/mereb-643b5/webApps/-/config {"projectId":"mereb-643b5","appId":"1:661765015005:web:56f2fbe4a100f495636234","storageBucket":"mereb-643b5.appspot.com","apiKey":"AIzaSyB01g364mHDgFymrLUI00s-Iiz8cQc1wys","authDomain":"mereb-643b5.firebaseapp.com","messagingSenderId":"661765015005","measurementId":"G-XP0E0XE17Z"}
[info] i  hosting: Serving hosting files from: build {"metadata":{"emulator":{"name":"hosting"},"message":"Serving hosting files from: \u001b[1mbuild\u001b[22m"}}
[info] +  hosting: Local server: http://localhost:5000 {"metadata":{"emulator":{"name":"hosting"},"message":"Local server: \u001b[4m\u001b[1mhttp://localhost:5000\u001b[22m\u001b[24m"}}
[debug] [2021-01-25T07:18:12.552Z] Ignoring unsupported arg: auto_download {"metadata":{"emulator":{"name":"ui"},"message":"Ignoring unsupported arg: auto_download"}}
[debug] [2021-01-25T07:18:12.553Z] Ignoring unsupported arg: port {"metadata":{"emulator":{"name":"ui"},"message":"Ignoring unsupported arg: port"}}
[debug] [2021-01-25T07:18:12.553Z] Starting Emulator UI with command {"binary":"node","args":["C:\\Users\\acer\\.cache\\firebase\\emulators\\ui-v1.4.1\\server.bundle.js"],"optionalArgs":[],"joinArgs":false} {"metadata":{"emulator":{"name":"ui"},"message":"Starting Emulator UI with command {\"binary\":\"node\",\"args\":[\"C:\\\\Users\\\\acer\\\\.cache\\\\firebase\\\\emulators\\\\ui-v1.4.1\\\\server.bundle.js\"],\"optionalArgs\":[],\"joinArgs\":false}"}}
[info] i  ui: Emulator UI logging to ui-debug.log {"metadata":{"emulator":{"name":"ui"},"message":"Emulator UI logging to \u001b[1mui-debug.log\u001b[22m"}}
[debug] [2021-01-25T07:18:13.080Z] Web / API server started at http://localhost:4000
 {"metadata":{"emulator":{"name":"ui"},"message":"Web / API server started at http://localhost:4000\n"}}
[info] i  functions: Watching "C:\Users\acer\Desktop\e-commerc\e-commerc\functions" for Cloud Functions... {"metadata":{"emulator":{"name":"functions"},"message":"Watching \"C:\\Users\\acer\\Desktop\\e-commerc\\e-commerc\\functions\" for Cloud Functions..."}}
[debug] [2021-01-25T07:18:14.911Z] [worker-pool] addWorker(~diagnostic~) {"metadata":{"emulator":{"name":"functions"},"message":"[worker-pool] addWorker(~diagnostic~)"}}
[debug] [2021-01-25T07:18:14.911Z] [worker-pool] Adding worker with key ~diagnostic~, total=1 {"metadata":{"emulator":{"name":"functions"},"message":"[worker-pool] Adding worker with key ~diagnostic~, total=1"}}
[debug] [2021-01-25T07:18:14.912Z] [worker-pool] submitWork(triggerId=) {"metadata":{"emulator":{"name":"functions"},"message":"[worker-pool] submitWork(triggerId=)"}}
[debug] [2021-01-25T07:18:14.913Z] [worker-~diagnostic~-c8567773-7015-47db-a8ce-dc7c5f55acaf]: Assigning socketPath: \\?\pipe\C:\Users\acer\Desktop\e-commerc\e-commerc\functions\15092 {"metadata":{"emulator":{"name":"functions"},"message":"[worker-~diagnostic~-c8567773-7015-47db-a8ce-dc7c5f55acaf]: Assigning socketPath: \\\\?\\pipe\\C:\\Users\\acer\\Desktop\\e-commerc\\e-commerc\\functions\\15092"}}
[debug] [2021-01-25T07:18:14.914Z] [worker-~diagnostic~-c8567773-7015-47db-a8ce-dc7c5f55acaf]: BUSY {"metadata":{"emulator":{"name":"functions"},"message":"[worker-~diagnostic~-c8567773-7015-47db-a8ce-dc7c5f55acaf]: BUSY"}}
